Removed Pin From Net: NetName=NetP10_1 Pin=P10-1
Removed Pin From Net: NetName=NetP10_2 Pin=P10-2
Removed Pin From Net: NetName=NetP10_3 Pin=P10-3
Removed Pin From Net: NetName=NetP10_4 Pin=P10-4
Removed Pin From Net: NetName=NetP10_5 Pin=P10-5
Removed Pin From Net: NetName=NetP10_6 Pin=P10-6
Removed Pin From Net: NetName=NetP10_7 Pin=P10-7
Removed Pin From Net: NetName=NetP10_8 Pin=P10-8
Removed Pin From Net: NetName=LED Pin=U1-17
Removed Pin From Net: NetName=NetP10_8 Pin=U1-32
Removed Pin From Net: NetName=NetP10_7 Pin=U1-33
Removed Pin From Net: NetName=NetP10_6 Pin=U1-34
Removed Pin From Net: NetName=NetP10_5 Pin=U1-35
Removed Pin From Net: NetName=NetP10_4 Pin=U1-36
Removed Pin From Net: NetName=NetP10_3 Pin=U1-37
Removed Pin From Net: NetName=NetP10_2 Pin=U1-38
Removed Pin From Net: NetName=NetP10_1 Pin=U1-39
Removed Member From Class: ClassName=数控 Member=P10
Change Component Comment : Designator=C8 Old Comment=22uf New Comment=220uf
Added Component: Designator=P18(Header_8)
Add component (AddParameter): Name = "Comm"; Value = "插针8"; VariantName = "[No Variations]"
Added Component: Designator=R11(1/4WA1)
Add component (AddParameter): Name = "Component Link1Description"; Value = "元件数据连接1，一般是生产厂商的元件描述连接。"; VariantName = "[No Variations]"
Add component (AddParameter): Name = "Component Link 1URL"; Value = "元件厂商的网站连接1，通常是主页地址，如http://www.st.com/"; VariantName = "[No Variations]"
Add component (AddParameter): Name = "Component Link 2URL"; Value = "元件厂商的网站连接2，通常是元件数据说明文件地址，如http://www.fairchildsemi.com/ds/2N%2F2N3904.pdf"; VariantName = "[No Variations]"
Add component (AddParameter): Name = "ComponentLink2  Description"; Value = "元件数据连接2，一般是生产厂商的元件数据库连接。"; VariantName = "[No Variations]"
Add component (AddParameter): Name = "Created"; Value = "制造厂商"; VariantName = "[No Variations]"
Add component (AddParameter): Name = "Datasheet Version"; Value = "Apr-2016"; VariantName = "[No Variations]"
Add component (AddParameter): Name = "Kind"; Value = "General"; VariantName = "[No Variations]"
Add component (AddParameter): Name = "Latest Revision Date"; Value = "13-Apr-2016"; VariantName = "[No Variations]"
Add component (AddParameter): Name = "Latest Revision Note"; Value = "最近的应用笔记修订本"; VariantName = "[No Variations]"
Add component (AddParameter): Name = "LatestRevisionDate"; Value = "13-Apr-2016"; VariantName = "[No Variations]"
Add component (AddParameter): Name = "Object"; Value = "Resistor"; VariantName = "[No Variations]"
Add component (AddParameter): Name = "Package Description"; Value = "AXIAL0.3-AXIA1.0"; VariantName = "[No Variations]"
Add component (AddParameter): Name = "Package Reference"; Value = "AXIAL"; VariantName = "[No Variations]"
Add component (AddParameter): Name = "PackageVersion"; Value = "Apr-2016"; VariantName = "[No Variations]"
Add component (AddParameter): Name = "Published"; Value = "13-Apr-2016"; VariantName = "[No Variations]"
Add component (AddParameter): Name = "Publisher"; Value = "Altium Limited"; VariantName = "[No Variations]"
Add component (AddParameter): Name = "Spice Prefix"; Value = "R"; VariantName = "[No Variations]"
Add component (AddParameter): Name = "SubKind"; Value = "Resistor"; VariantName = "[No Variations]"
Add component (AddParameter): Name = "Type"; Value = "Resistor"; VariantName = "[No Variations]"
Add component (AddParameter): Name = "Value"; Value = "10K"; VariantName = "[No Variations]"
Added Pin To Net: NetName=NetP10_1 Pin=P18-1
Added Pin To Net: NetName=NetP10_2 Pin=P18-2
Added Pin To Net: NetName=NetP10_3 Pin=P18-3
Added Pin To Net: NetName=NetP10_4 Pin=P18-4
Added Pin To Net: NetName=NetP10_5 Pin=P18-5
Added Pin To Net: NetName=NetP10_6 Pin=P18-6
Added Pin To Net: NetName=NetP10_7 Pin=P18-7
Added Pin To Net: NetName=NetP10_8 Pin=P18-8
Added Pin To Net: NetName=5v Pin=R11-1
Added Pin To Net: NetName=LED Pin=R11-2
Added Pin To Net: NetName=NetP10_8 Pin=U1-10
Added Pin To Net: NetName=NetP10_7 Pin=U1-11
Added Pin To Net: NetName=NetP10_6 Pin=U1-12
Added Pin To Net: NetName=NetP10_5 Pin=U1-13
Added Pin To Net: NetName=NetP10_4 Pin=U1-14
Added Pin To Net: NetName=NetP10_3 Pin=U1-15
Added Pin To Net: NetName=NetP10_2 Pin=U1-16
Added Pin To Net: NetName=NetP10_1 Pin=U1-17
Added Pin To Net: NetName=LED Pin=U1-39
Change Net Name : Old Net Name=NetP10_1 New Net Name=NetP18_1
Change Net Name : Old Net Name=NetP10_2 New Net Name=NetP18_2
Change Net Name : Old Net Name=NetP10_3 New Net Name=NetP18_3
Change Net Name : Old Net Name=NetP10_4 New Net Name=NetP18_4
Change Net Name : Old Net Name=NetP10_5 New Net Name=NetP18_5
Change Net Name : Old Net Name=NetP10_6 New Net Name=NetP18_6
Change Net Name : Old Net Name=NetP10_7 New Net Name=NetP18_7
Change Net Name : Old Net Name=NetP10_8 New Net Name=NetP18_8
Added Member To Class: ClassName=数控 Member=Component L1 LM317_Adj
Added Member To Class: ClassName=数控 Member=Component P3 电源端子2P
Added Member To Class: ClassName=数控 Member=Component P18 Header_8
Added Member To Class: ClassName=数控 Member=Component R7 10
Added Member To Class: ClassName=数控 Member=Component R11 10k
Added Room: Name=数控
